<?xml version="1.0" encoding="UTF-8"?>
<!-- Generated by org.testng.reporters.JUnitReportReporter -->
<testsuite hostname="DESKTOP-607OE7V" failures="0" tests="1" name="AssertionMaven.AssertionModule.AmazonAssertionTEst" time="9.092" errors="0" timestamp="2022-04-24T19:57:33 IST" skipped="0">
  <testcase classname="AssertionMaven.AssertionModule.AmazonAssertionTEst" name="amazon" time="9.092"/>
  <system-out/>
</testsuite> <!-- AssertionMaven.AssertionModule.AmazonAssertionTEst -->
