<?xml version="1.0" encoding="UTF-8"?>
<!-- Generated by org.testng.reporters.JUnitReportReporter -->
<testsuite hostname="DESKTOP-607OE7V" failures="0" tests="4" name="Anotations" time="0.010" errors="0" timestamp="2022-05-06T16:10:04 IST" skipped="0">
  <testcase classname="Anotations" name="logout" time="0.002"/>
  <system-out/>
  <testcase classname="Anotations" name="buy" time="0.005"/>
  <system-out/>
  <testcase classname="Anotations" name="login" time="0.002"/>
  <system-out/>
  <testcase classname="Anotations" name="serach" time="0.001"/>
  <system-out/>
</testsuite> <!-- Anotations -->
